\BOOKMARK [1][-]{section.1}{Introduction}{}% 1
\BOOKMARK [1][-]{section.2}{Image Filtering}{}% 2
\BOOKMARK [2][-]{subsection.2.1}{Filter kernels}{section.2}% 3
\BOOKMARK [2][-]{subsection.2.2}{Train Image: Supersonic flow around a sphere}{section.2}% 4
\BOOKMARK [2][-]{subsection.2.3}{Real Image: Barn and Barrels}{section.2}% 5
\BOOKMARK [1][-]{section.3}{Sharpness Metric}{}% 6
\BOOKMARK [2][-]{subsection.3.1}{Train Image: Informational Sign}{section.3}% 7
\BOOKMARK [2][-]{subsection.3.2}{Real Image: Friends}{section.3}% 8
\BOOKMARK [1][-]{section.4}{Conclusions}{}% 9
\BOOKMARK [1][-]{section.5}{References}{}% 10
\BOOKMARK [1][-]{section.6}{Appendix}{}% 11
\BOOKMARK [2][-]{subsection.6.1}{Filter Mathematical Theory}{section.6}% 12
\BOOKMARK [2][-]{subsection.6.2}{Matlab Codes}{section.6}% 13
\BOOKMARK [3][-]{subsubsection.6.2.1}{Master script}{subsection.6.2}% 14
\BOOKMARK [3][-]{subsubsection.6.2.2}{Filter and PSF generator}{subsection.6.2}% 15
\BOOKMARK [3][-]{subsubsection.6.2.3}{Large image}{subsection.6.2}% 16
\BOOKMARK [3][-]{subsubsection.6.2.4}{Real image master script and Picture split}{subsection.6.2}% 17
\BOOKMARK [3][-]{subsubsection.6.2.5}{Automated sharpening}{subsection.6.2}% 18
\BOOKMARK [3][-]{subsubsection.6.2.6}{Metrics}{subsection.6.2}% 19
\BOOKMARK [3][-]{subsubsection.6.2.7}{Kernel plotting}{subsection.6.2}% 20
